{
  "protoPayload": {
    "@type": "type.googleapis.com/google.cloud.audit.AuditLog",
    "status": {
      "code": 7
    },
    "authenticationInfo": {
      "principalEmail": "user@domain.com"
    },
    "requestMetadata": {
      "callerIp": "8.8.8.8",
      "requestAttributes": {
        "auth": {
          "accessLevels": [
            "identity_username"
          ]
        }
      },
      "destinationAttributes": {}
    },
    "serviceName": "contextawareaccess.googleapis.com",
    "resourceName": "organizations/{your_org_id}",
    "metadata": {
      "@type": "type.googleapis.com/google.cloud.audit.ContextAwareAccessAuditMetadata",
      "deniedApplications": [
        {
          "name": "CLOUD_PLATFORM"
        }
      ],
      "deviceState": "Unknown",
      "appliedAccessLevels": [
        "bce_console_access"
      ],
      "unsatisfiedAccessLevels": [
        "bce_console_access",
        "cloud_control_sa"
      ]
    }
  },
  "insertId": "1rjz8jqb2g",
  "resource": {
    "type": "audited_resource",
    "labels": {
      "method": "",
      "service": "contextawareaccess.googleapis.com"
    }
  },
  "timestamp": "2022-03-09T19:38:34.660100330Z",
  "severity": "ERROR",
  "logName": "organizations/{your_org_id}/logs/cloudaudit.googleapis.com%2Fpolicy",
  "receiveTimestamp": "2022-03-09T19:38:35.612539079Z"
}
