I, [2018-12-28T17:30:11.346564 #11511]  INFO -- default-default: -----> Converging <default-default>...
W, [2018-12-28T17:30:11.347210 #11511]  WARN -- default-default: Running command `terraform workspace select kitchen-terraform-default-default` in directory /home/aaronlane/src/github/aaron-lane/professional-services/examples/automatic-labeling
W, [2018-12-28T17:30:11.403094 #11511]  WARN -- default-default: Running command `terraform get -update` in directory /home/aaronlane/src/github/aaron-lane/professional-services/examples/automatic-labeling
W, [2018-12-28T17:30:11.453769 #11511]  WARN -- default-default: Running command `terraform validate -check-variables=true   ` in directory /home/aaronlane/src/github/aaron-lane/professional-services/examples/automatic-labeling
W, [2018-12-28T17:30:12.054850 #11511]  WARN -- default-default: Running command `terraform apply -lock=true -lock-timeout=0s -input=false -auto-approve=true  -parallelism=10 -refresh=true  ` in directory /home/aaronlane/src/github/aaron-lane/professional-services/examples/automatic-labeling
I, [2018-12-28T17:30:12.637563 #11511]  INFO -- default-default: [0m[1mgoogle_pubsub_topic.resources_to_label: Refreshing state... (ID: projects/google.com:test-environment/topics/resources-to-label)[0m
I, [2018-12-28T17:30:12.638171 #11511]  INFO -- default-default: [0m[1mgoogle_storage_bucket.label_resource: Refreshing state... (ID: label-resource)[0m
I, [2018-12-28T17:30:12.638214 #11511]  INFO -- default-default: [0m[1mdata.external.compress_source: Refreshing state...[0m
I, [2018-12-28T17:30:12.662080 #11511]  INFO -- default-default: [0m[1mlocal_file.compressed_source: Refreshing state... (ID: f5d9fc58f4a3d179b9b0dda09755536c705cb698)[0m
I, [2018-12-28T17:30:13.399966 #11511]  INFO -- default-default: [0m[1mgoogle_storage_bucket_object.label_resource_source: Refreshing state... (ID: label-resource-label-resource.zip)[0m
I, [2018-12-28T17:30:13.459359 #11511]  INFO -- default-default: [0m[1mgoogle_logging_project_sink.identify_resources: Refreshing state... (ID: projects/google.com:test-environment/sinks/identify-resources)[0m
I, [2018-12-28T17:30:13.517449 #11511]  INFO -- default-default: [0m[1mgoogle_cloudfunctions_function.label_resource: Refreshing state... (ID: google.com:test-environment/us-east1/label-resource)[0m
I, [2018-12-28T17:30:13.942435 #11511]  INFO -- default-default: [31m
I, [2018-12-28T17:30:13.943406 #11511]  INFO -- default-default: [1m[31mError: [0m[0m[1mError refreshing state: 1 error(s) occurred:
I, [2018-12-28T17:30:13.943555 #11511]  INFO -- default-default: 
I, [2018-12-28T17:30:13.953437 #11511]  INFO -- default-default: * google_cloudfunctions_function.label_resource: 1 error(s) occurred:
I, [2018-12-28T17:30:13.953586 #11511]  INFO -- default-default: 
I, [2018-12-28T17:30:13.960441 #11511]  INFO -- default-default: * google_cloudfunctions_function.label_resource: google_cloudfunctions_function.label_resource: Invalid CloudFunction id format, expecting `{projectId}/{regionId}/{cloudFunctionName}`[0m
I, [2018-12-28T17:30:13.960726 #11511]  INFO -- default-default: 
I, [2018-12-28T17:30:13.960875 #11511]  INFO -- default-default: [0m[0m[0m
E, [2018-12-28T17:30:13.983001 #11511] ERROR -- default-default: Converge failed on instance <default-default>.
E, [2018-12-28T17:30:13.983520 #11511] ERROR -- default-default: ------Exception-------
E, [2018-12-28T17:30:13.985780 #11511] ERROR -- default-default: Class: Kitchen::ActionFailed
E, [2018-12-28T17:30:13.985900 #11511] ERROR -- default-default: Message: Running command resulted in failure: Expected process to exit with [0], but received '1'
---- Begin output of terraform apply -lock=true -lock-timeout=0s -input=false -auto-approve=true  -parallelism=10 -refresh=true   ----
STDOUT: [0m[1mgoogle_pubsub_topic.resources_to_label: Refreshing state... (ID: projects/google.com:test-environment/topics/resources-to-label)[0m
[0m[1mgoogle_storage_bucket.label_resource: Refreshing state... (ID: label-resource)[0m
[0m[1mdata.external.compress_source: Refreshing state...[0m
[0m[1mlocal_file.compressed_source: Refreshing state... (ID: f5d9fc58f4a3d179b9b0dda09755536c705cb698)[0m
[0m[1mgoogle_storage_bucket_object.label_resource_source: Refreshing state... (ID: label-resource-label-resource.zip)[0m
[0m[1mgoogle_logging_project_sink.identify_resources: Refreshing state... (ID: projects/google.com:test-environment/sinks/identify-resources)[0m
[0m[1mgoogle_cloudfunctions_function.label_resource: Refreshing state... (ID: google.com:test-environment/us-east1/label-resource)[0m
STDERR: [31m
[1m[31mError: [0m[0m[1mError refreshing state: 1 error(s) occurred:

* google_cloudfunctions_function.label_resource: 1 error(s) occurred:

* google_cloudfunctions_function.label_resource: google_cloudfunctions_function.label_resource: Invalid CloudFunction id format, expecting `{projectId}/{regionId}/{cloudFunctionName}`[0m

[0m[0m[0m
---- End output of terraform apply -lock=true -lock-timeout=0s -input=false -auto-approve=true  -parallelism=10 -refresh=true   ----
Ran terraform apply -lock=true -lock-timeout=0s -input=false -auto-approve=true  -parallelism=10 -refresh=true   returned 1
E, [2018-12-28T17:30:13.986152 #11511] ERROR -- default-default: ----------------------
E, [2018-12-28T17:30:13.986235 #11511] ERROR -- default-default: ------Backtrace-------
E, [2018-12-28T17:30:13.986296 #11511] ERROR -- default-default: /home/aaronlane/.gem/ruby/2.5.3/gems/kitchen-terraform-4.1.1/lib/kitchen/provisioner/terraform.rb:94:in `rescue in call'
E, [2018-12-28T17:30:13.986354 #11511] ERROR -- default-default: /home/aaronlane/.gem/ruby/2.5.3/gems/kitchen-terraform-4.1.1/lib/kitchen/provisioner/terraform.rb:91:in `call'
E, [2018-12-28T17:30:13.986405 #11511] ERROR -- default-default: /home/aaronlane/.gem/ruby/2.5.3/gems/test-kitchen-1.24.0/lib/kitchen/instance.rb:408:in `block in converge_action'
E, [2018-12-28T17:30:13.986451 #11511] ERROR -- default-default: /home/aaronlane/.gem/ruby/2.5.3/gems/test-kitchen-1.24.0/lib/kitchen/instance.rb:548:in `block in synchronize_or_call'
E, [2018-12-28T17:30:13.986534 #11511] ERROR -- default-default: /home/aaronlane/.gem/ruby/2.5.3/gems/test-kitchen-1.24.0/lib/kitchen/instance.rb:546:in `synchronize'
E, [2018-12-28T17:30:13.986598 #11511] ERROR -- default-default: /home/aaronlane/.gem/ruby/2.5.3/gems/test-kitchen-1.24.0/lib/kitchen/instance.rb:546:in `synchronize_or_call'
E, [2018-12-28T17:30:13.986655 #11511] ERROR -- default-default: /home/aaronlane/.gem/ruby/2.5.3/gems/test-kitchen-1.24.0/lib/kitchen/instance.rb:513:in `block in action'
E, [2018-12-28T17:30:13.986709 #11511] ERROR -- default-default: /home/aaronlane/.rubies/ruby-2.5.3/lib/ruby/2.5.0/benchmark.rb:293:in `measure'
E, [2018-12-28T17:30:13.986762 #11511] ERROR -- default-default: /home/aaronlane/.gem/ruby/2.5.3/gems/test-kitchen-1.24.0/lib/kitchen/instance.rb:512:in `action'
E, [2018-12-28T17:30:13.986833 #11511] ERROR -- default-default: /home/aaronlane/.gem/ruby/2.5.3/gems/test-kitchen-1.24.0/lib/kitchen/instance.rb:404:in `converge_action'
E, [2018-12-28T17:30:13.986888 #11511] ERROR -- default-default: /home/aaronlane/.gem/ruby/2.5.3/gems/test-kitchen-1.24.0/lib/kitchen/instance.rb:382:in `block (2 levels) in transition_to'
E, [2018-12-28T17:30:13.986942 #11511] ERROR -- default-default: /home/aaronlane/.gem/ruby/2.5.3/gems/test-kitchen-1.24.0/lib/kitchen/lifecycle_hooks.rb:45:in `run_with_hooks'
E, [2018-12-28T17:30:13.986997 #11511] ERROR -- default-default: /home/aaronlane/.gem/ruby/2.5.3/gems/test-kitchen-1.24.0/lib/kitchen/instance.rb:381:in `block in transition_to'
E, [2018-12-28T17:30:13.987050 #11511] ERROR -- default-default: /home/aaronlane/.gem/ruby/2.5.3/gems/test-kitchen-1.24.0/lib/kitchen/instance.rb:380:in `each'
E, [2018-12-28T17:30:13.987110 #11511] ERROR -- default-default: /home/aaronlane/.gem/ruby/2.5.3/gems/test-kitchen-1.24.0/lib/kitchen/instance.rb:380:in `transition_to'
E, [2018-12-28T17:30:13.987162 #11511] ERROR -- default-default: /home/aaronlane/.gem/ruby/2.5.3/gems/test-kitchen-1.24.0/lib/kitchen/instance.rb:140:in `converge'
E, [2018-12-28T17:30:13.987215 #11511] ERROR -- default-default: /home/aaronlane/.gem/ruby/2.5.3/gems/test-kitchen-1.24.0/lib/kitchen/command.rb:197:in `public_send'
E, [2018-12-28T17:30:13.987287 #11511] ERROR -- default-default: /home/aaronlane/.gem/ruby/2.5.3/gems/test-kitchen-1.24.0/lib/kitchen/command.rb:197:in `run_action_in_thread'
E, [2018-12-28T17:30:13.987343 #11511] ERROR -- default-default: /home/aaronlane/.gem/ruby/2.5.3/gems/test-kitchen-1.24.0/lib/kitchen/command.rb:169:in `block (2 levels) in run_action'
E, [2018-12-28T17:30:13.987393 #11511] ERROR -- default-default: ----End Backtrace-----
E, [2018-12-28T17:30:13.987446 #11511] ERROR -- default-default: ---Nested Exception---
E, [2018-12-28T17:30:13.987527 #11511] ERROR -- default-default: Class: Kitchen::Terraform::Error
E, [2018-12-28T17:30:13.987584 #11511] ERROR -- default-default: Message: Running command resulted in failure: Expected process to exit with [0], but received '1'
---- Begin output of terraform apply -lock=true -lock-timeout=0s -input=false -auto-approve=true  -parallelism=10 -refresh=true   ----
STDOUT: [0m[1mgoogle_pubsub_topic.resources_to_label: Refreshing state... (ID: projects/google.com:test-environment/topics/resources-to-label)[0m
[0m[1mgoogle_storage_bucket.label_resource: Refreshing state... (ID: label-resource)[0m
[0m[1mdata.external.compress_source: Refreshing state...[0m
[0m[1mlocal_file.compressed_source: Refreshing state... (ID: f5d9fc58f4a3d179b9b0dda09755536c705cb698)[0m
[0m[1mgoogle_storage_bucket_object.label_resource_source: Refreshing state... (ID: label-resource-label-resource.zip)[0m
[0m[1mgoogle_logging_project_sink.identify_resources: Refreshing state... (ID: projects/google.com:test-environment/sinks/identify-resources)[0m
[0m[1mgoogle_cloudfunctions_function.label_resource: Refreshing state... (ID: google.com:test-environment/us-east1/label-resource)[0m
STDERR: [31m
[1m[31mError: [0m[0m[1mError refreshing state: 1 error(s) occurred:

* google_cloudfunctions_function.label_resource: 1 error(s) occurred:

* google_cloudfunctions_function.label_resource: google_cloudfunctions_function.label_resource: Invalid CloudFunction id format, expecting `{projectId}/{regionId}/{cloudFunctionName}`[0m

[0m[0m[0m
---- End output of terraform apply -lock=true -lock-timeout=0s -input=false -auto-approve=true  -parallelism=10 -refresh=true   ----
Ran terraform apply -lock=true -lock-timeout=0s -input=false -auto-approve=true  -parallelism=10 -refresh=true   returned 1
E, [2018-12-28T17:30:13.987660 #11511] ERROR -- default-default: ----------------------
E, [2018-12-28T17:30:13.987717 #11511] ERROR -- default-default: ------Backtrace-------
E, [2018-12-28T17:30:13.987770 #11511] ERROR -- default-default: /home/aaronlane/.gem/ruby/2.5.3/gems/kitchen-terraform-4.1.1/lib/kitchen/provisioner/terraform.rb:94:in `rescue in call'
E, [2018-12-28T17:30:13.987837 #11511] ERROR -- default-default: /home/aaronlane/.gem/ruby/2.5.3/gems/kitchen-terraform-4.1.1/lib/kitchen/provisioner/terraform.rb:91:in `call'
E, [2018-12-28T17:30:13.987903 #11511] ERROR -- default-default: /home/aaronlane/.gem/ruby/2.5.3/gems/test-kitchen-1.24.0/lib/kitchen/instance.rb:408:in `block in converge_action'
E, [2018-12-28T17:30:13.987959 #11511] ERROR -- default-default: /home/aaronlane/.gem/ruby/2.5.3/gems/test-kitchen-1.24.0/lib/kitchen/instance.rb:548:in `block in synchronize_or_call'
E, [2018-12-28T17:30:13.988013 #11511] ERROR -- default-default: /home/aaronlane/.gem/ruby/2.5.3/gems/test-kitchen-1.24.0/lib/kitchen/instance.rb:546:in `synchronize'
E, [2018-12-28T17:30:13.988066 #11511] ERROR -- default-default: /home/aaronlane/.gem/ruby/2.5.3/gems/test-kitchen-1.24.0/lib/kitchen/instance.rb:546:in `synchronize_or_call'
E, [2018-12-28T17:30:13.988130 #11511] ERROR -- default-default: /home/aaronlane/.gem/ruby/2.5.3/gems/test-kitchen-1.24.0/lib/kitchen/instance.rb:513:in `block in action'
E, [2018-12-28T17:30:13.988185 #11511] ERROR -- default-default: /home/aaronlane/.rubies/ruby-2.5.3/lib/ruby/2.5.0/benchmark.rb:293:in `measure'
E, [2018-12-28T17:30:13.988235 #11511] ERROR -- default-default: /home/aaronlane/.gem/ruby/2.5.3/gems/test-kitchen-1.24.0/lib/kitchen/instance.rb:512:in `action'
E, [2018-12-28T17:30:13.988294 #11511] ERROR -- default-default: /home/aaronlane/.gem/ruby/2.5.3/gems/test-kitchen-1.24.0/lib/kitchen/instance.rb:404:in `converge_action'
E, [2018-12-28T17:30:13.988340 #11511] ERROR -- default-default: /home/aaronlane/.gem/ruby/2.5.3/gems/test-kitchen-1.24.0/lib/kitchen/instance.rb:382:in `block (2 levels) in transition_to'
E, [2018-12-28T17:30:13.988384 #11511] ERROR -- default-default: /home/aaronlane/.gem/ruby/2.5.3/gems/test-kitchen-1.24.0/lib/kitchen/lifecycle_hooks.rb:45:in `run_with_hooks'
E, [2018-12-28T17:30:13.988435 #11511] ERROR -- default-default: /home/aaronlane/.gem/ruby/2.5.3/gems/test-kitchen-1.24.0/lib/kitchen/instance.rb:381:in `block in transition_to'
E, [2018-12-28T17:30:13.988521 #11511] ERROR -- default-default: /home/aaronlane/.gem/ruby/2.5.3/gems/test-kitchen-1.24.0/lib/kitchen/instance.rb:380:in `each'
E, [2018-12-28T17:30:13.988581 #11511] ERROR -- default-default: /home/aaronlane/.gem/ruby/2.5.3/gems/test-kitchen-1.24.0/lib/kitchen/instance.rb:380:in `transition_to'
E, [2018-12-28T17:30:13.988646 #11511] ERROR -- default-default: /home/aaronlane/.gem/ruby/2.5.3/gems/test-kitchen-1.24.0/lib/kitchen/instance.rb:140:in `converge'
E, [2018-12-28T17:30:13.988699 #11511] ERROR -- default-default: /home/aaronlane/.gem/ruby/2.5.3/gems/test-kitchen-1.24.0/lib/kitchen/command.rb:197:in `public_send'
E, [2018-12-28T17:30:13.988752 #11511] ERROR -- default-default: /home/aaronlane/.gem/ruby/2.5.3/gems/test-kitchen-1.24.0/lib/kitchen/command.rb:197:in `run_action_in_thread'
E, [2018-12-28T17:30:13.988832 #11511] ERROR -- default-default: /home/aaronlane/.gem/ruby/2.5.3/gems/test-kitchen-1.24.0/lib/kitchen/command.rb:169:in `block (2 levels) in run_action'
E, [2018-12-28T17:30:13.988890 #11511] ERROR -- default-default: ----End Backtrace-----
