Query: protoPayload.methodName: "storage.objects.get"
Listing Bucket Objects:
{
  "protoPayload": {
    "@type": "type.googleapis.com/google.cloud.audit.AuditLog",
    "status": {},
    "authenticationInfo": {
      "principalEmail": "user@domain.com"
    },
    "requestMetadata": {
      "callerIp": "8.8.8.8",
      "callerSuppliedUserAgent": "apitools Python/3.6.8 gsutil/4.67 (darwin) analytics/enabled interactive/True command/cp google-cloud-sdk/356.0.0,gzip(gfe)",
      "requestAttributes": {
        "time": "2021-09-13T03:03:09.019837601Z",
        "auth": {}
      },
      "destinationAttributes": {}
    },
    "serviceName": "storage.googleapis.com",
    "methodName": "storage.objects.get",
    "authorizationInfo": [
      {
        "resource": "projects/_/buckets/scc-export-sample/objects/scc-bad-domain.log",
        "permission": "storage.objects.get",
        "granted": true,
        "resourceAttributes": {}
      }
    ],
    "resourceName": "projects/_/buckets/scc-export-sample/objects/scc-bad-domain.log",
    "resourceLocation": {
      "currentLocations": [
        "us"
      ]
    }
  },
  "insertId": "hhu2r3dw556",
  "resource": {
    "type": "gcs_bucket",
    "labels": {
      "bucket_name": "scc-export-sample",
      "project_id": "gsec-monitoring-prod",
      "location": "us"
    }
  },
  "timestamp": "2021-09-13T03:03:09.008513033Z",
  "severity": "INFO",
  "logName": "projects/gsec-monitoring-prod/logs/cloudaudit.googleapis.com%2Fdata_access",
  "receiveTimestamp": "2021-09-13T03:03:09.758030291Z"
}
