[{
  "finding": {
    "name": "organizations/614830067722/sources/15342121604597895036/findings/c9c2dddaae0be6b7c2195abe1a4a43a5",
    "parent": "organizations/614830067722/sources/15342121604597895036",
    "resourceName": "//cloudresourcemanager.googleapis.com/projects/598897393088",
    "state": "ACTIVE",
    "category": "account_has_leaked_credentials",
    "sourceProperties": {
      "private_key_identifier": "c1d1502136b604d246782b458836284fde3e1ea4",
      "summary_message": "We have detected leaked Service Account authentication credentials that could be potentially compromised.",
      "action_taken": "Notification sent",
      "finding_type": "Potential compromise of a resource in your organization.",
      "compromised_account": "scanner-tests@gsec-monitoring-prod.iam.gserviceaccount.com",
      "project_identifier": "gsec-monitoring-prod",
      "url": "https://github.com/crisalid/test-scanner/blob/3c90eb38f3540089380cf5e51885a69a68669174/gsec-monitoring-prod-c1d1502136b6.json"
    },
    "securityMarks": {
      "name": "organizations/614830067722/sources/15342121604597895036/findings/c9c2dddaae0be6b7c2195abe1a4a43a5/securityMarks"
    },
    "eventTime": "2020-08-04T00:09:47Z",
    "createTime": "2020-08-03T22:55:48.823Z",
    "propertyDataTypes": {
      "private_key_identifier": {
        "primitiveDataType": "STRING"
      },
      "summary_message": {
        "primitiveDataType": "STRING"
      },
      "action_taken": {
        "primitiveDataType": "STRING"
      },
      "finding_type": {
        "primitiveDataType": "STRING"
      },
      "compromised_account": {
        "primitiveDataType": "STRING"
      },
      "project_identifier": {
        "primitiveDataType": "STRING"
      },
      "url": {
        "primitiveDataType": "STRING"
      }
    },
    "workflowState": "NEW",
    "canonicalName": "projects/598897393088/sources/15342121604597895036/findings/c9c2dddaae0be6b7c2195abe1a4a43a5",
    "findingClass": "THREAT"
  },
  "resource": {
    "name": "//cloudresourcemanager.googleapis.com/projects/598897393088",
    "projectName": "//cloudresourcemanager.googleapis.com/projects/598897393088",
    "projectDisplayName": "gsec-monitoring-prod",
    "parentName": "//cloudresourcemanager.googleapis.com/organizations/614830067722",
    "parentDisplayName": "domain.com",
    "type": "google.cloud.resourcemanager.Project",
    "displayName": "gsec-monitoring-prod"
  }
}]