Query: protoPayload.methodName: "v1.compute.projects.setInstanceMetadata"
Setting Single Instance Metadata:
{
  "protoPayload": {
    "@type": "type.googleapis.com/google.cloud.audit.AuditLog",
    "authenticationInfo": {
      "principalEmail": "user@domain.com"
    },
    "requestMetadata": {
      "callerIp": "8.8.8.8",
      "callerSuppliedUserAgent": "Mozilla/5.0 (Macintosh; Intel Mac OS X 10_15_7) AppleWebKit/537.36 (KHTML, like Gecko) Chrome/93.0.4577.63 Safari/537.36,gzip(gfe),gzip(gfe)",
      "requestAttributes": {
        "time": "2021-09-13T02:51:13.244700Z",
        "reason": "8uSywAYQGg5Db2xpc2V1bSBGbG93cw",
        "auth": {}
      },
      "destinationAttributes": {}
    },
    "serviceName": "compute.googleapis.com",
    "methodName": "v1.compute.instances.setMetadata",
    "authorizationInfo": [
      {
        "permission": "compute.instances.setMetadata",
        "granted": true,
        "resourceAttributes": {
          "service": "compute",
          "name": "projects/gsec-monitoring-prod/zones/us-central1-a/instances/instance-3",
          "type": "compute.instances"
        }
      }
    ],
    "resourceName": "projects/gsec-monitoring-prod/zones/us-central1-a/instances/instance-3",
    "request": {
      "@type": "type.googleapis.com/compute.instances.setMetadata"
    },
    "response": {
      "selfLinkWithId": "https://www.googleapis.com/compute/v1/projects/gsec-monitoring-prod/zones/us-central1-a/operations/822756441085641294",
      "targetLink": "https://www.googleapis.com/compute/v1/projects/gsec-monitoring-prod/zones/us-central1-a/instances/instance-3",
      "name": "operation-1631501472659-5cbd789ba7998-b010d5d9-dc874361",
      "status": "RUNNING",
      "@type": "type.googleapis.com/operation",
      "selfLink": "https://www.googleapis.com/compute/v1/projects/gsec-monitoring-prod/zones/us-central1-a/operations/operation-1631501472659-5cbd789ba7998-b010d5d9-dc874361",
      "targetId": "5887816102004671380",
      "id": "822756441085641294",
      "user": "user@domain.com",
      "operationType": "setMetadata",
      "zone": "https://www.googleapis.com/compute/v1/projects/gsec-monitoring-prod/zones/us-central1-a",
      "insertTime": "2021-09-12T19:51:13.101-07:00",
      "progress": "0",
      "startTime": "2021-09-12T19:51:13.119-07:00"
    },
    "metadata": {
      "instanceMetadataDelta": {
        "addedMetadataKeys": [
          "ssh-keys"
        ]
      },
      "@type": "type.googleapis.com/google.cloud.audit.GceInstanceAuditMetadata"
    },
    "resourceLocation": {
      "currentLocations": [
        "us-central1-a"
      ]
    }
  },
  "insertId": "3mh2zve21fem",
  "resource": {
    "type": "gce_instance",
    "labels": {
      "project_id": "gsec-monitoring-prod",
      "instance_id": "5887816102004671380",
      "zone": "us-central1-a"
    }
  },
  "timestamp": "2021-09-13T02:51:12.716498Z",
  "severity": "NOTICE",
  "logName": "projects/gsec-monitoring-prod/logs/cloudaudit.googleapis.com%2Factivity",
  "operation": {
    "id": "operation-1631501472659-5cbd789ba7998-b010d5d9-dc874361",
    "producer": "compute.googleapis.com",
    "first": true
  },
  "receiveTimestamp": "2021-09-13T02:51:13.283706330Z"
}
